<?xml version="1.0" encoding="UTF-8"?>
<!-- Generated by org.testng.reporters.JUnitXMLReporter -->
<testsuite ignored="0" hostname="LAPTOP-DMCL3R6Q" failures="0" tests="11" name="Test" time="41.157" errors="0" timestamp="2022-12-20T21:28:56 CST">
  <testcase classname="testCases.RegisterTest" name="@BeforeMethod setup" time="0.003">
    <failure type="java.lang.NullPointerException" message="Cannot invoke &amp;quot;org.openqa.selenium.WebDriver.manage()&amp;quot; because &amp;quot;this.driver&amp;quot; is null">
      <![CDATA[java.lang.NullPointerException: Cannot invoke "org.openqa.selenium.WebDriver.manage()" because "this.driver" is null
at com.qa.mytutorial.Base.TestBase.initializeBrowser(TestBase.java:44)
at testCases.RegisterTest.setup(RegisterTest.java:25)
at java.base/java.util.ArrayList.forEach(ArrayList.java:1511)
... Removed 31 stack frames]]>
    </failure>
  </testcase> <!-- @BeforeMethod setup -->
  <testcase classname="testCases.RegisterTest" name="@AfterMethod teardown" time="-1.671593294898E9">
    <skipped/>
  </testcase> <!-- @AfterMethod teardown -->
  <testcase classname="testCases.RegisterTest" name="@BeforeMethod setup" time="-1.6715932949E9">
    <skipped/>
  </testcase> <!-- @BeforeMethod setup -->
  <testcase classname="testCases.RegisterTest" name="@AfterMethod teardown" time="-1.671593294903E9">
    <skipped/>
  </testcase> <!-- @AfterMethod teardown -->
  <testcase classname="testCases.RegisterTest" name="@BeforeMethod setup" time="-1.671593294904E9">
    <skipped/>
  </testcase> <!-- @BeforeMethod setup -->
  <testcase classname="testCases.RegisterTest" name="@AfterMethod teardown" time="-1.671593294906E9">
    <skipped/>
  </testcase> <!-- @AfterMethod teardown -->
  <testcase classname="testCases.SearchTest" name="@BeforeMethod startup" time="0.0">
    <failure type="java.lang.NullPointerException" message="Cannot invoke &amp;quot;org.openqa.selenium.WebDriver.manage()&amp;quot; because &amp;quot;this.driver&amp;quot; is null">
      <![CDATA[java.lang.NullPointerException: Cannot invoke "org.openqa.selenium.WebDriver.manage()" because "this.driver" is null
at com.qa.mytutorial.Base.TestBase.initializeBrowser(TestBase.java:44)
at testCases.SearchTest.startup(SearchTest.java:26)
at java.base/java.util.ArrayList.forEach(ArrayList.java:1511)
... Removed 31 stack frames]]>
    </failure>
  </testcase> <!-- @BeforeMethod startup -->
  <testcase classname="testCases.SearchTest" name="@AfterMethod tearDown" time="-1.671593336008E9">
    <skipped/>
  </testcase> <!-- @AfterMethod tearDown -->
  <testcase classname="testCases.SearchTest" name="@BeforeMethod startup" time="-1.671593336009E9">
    <skipped/>
  </testcase> <!-- @BeforeMethod startup -->
  <testcase classname="testCases.SearchTest" name="@AfterMethod tearDown" time="-1.671593336013E9">
    <skipped/>
  </testcase> <!-- @AfterMethod tearDown -->
  <testcase classname="testCases.SearchTest" name="@BeforeMethod startup" time="-1.671593336014E9">
    <skipped/>
  </testcase> <!-- @BeforeMethod startup -->
  <testcase classname="testCases.SearchTest" name="@AfterMethod tearDown" time="-1.671593336017E9">
    <skipped/>
  </testcase> <!-- @AfterMethod tearDown -->
  <testcase classname="testCases.RegisterTest" name="registerationwithAllMandatoryFields" time="0.0">
    <skipped/>
  </testcase> <!-- registerationwithAllMandatoryFields -->
  <testcase classname="testCases.RegisterTest" name="registerationwithAllFields" time="0.0">
    <skipped/>
  </testcase> <!-- registerationwithAllFields -->
  <testcase classname="testCases.RegisterTest" name="verifyRegistrationWithoutFillingAnyDetails" time="0.0">
    <skipped/>
  </testcase> <!-- verifyRegistrationWithoutFillingAnyDetails -->
  <testcase classname="testCases.LoginTest" name="verifyLoginWithValidCredentials" time="1.368"/>
  <testcase classname="testCases.LoginTest" name="verifyLoginWithInValidCredentials" time="1.023"/>
  <testcase classname="testCases.LoginTest" name="verifyLoginWithInvalidEmailidValidPassword" time="1.007"/>
  <testcase classname="testCases.LoginTest" name="verifyLoginWithValidEmailidInValidPassword" time="1.148"/>
  <testcase classname="testCases.LoginTest" name="verifyLoginWithNoCredentials" time="1.056"/>
  <testcase classname="testCases.SearchTest" name="verifySearchWithValidProduct" time="0.0">
    <skipped/>
  </testcase> <!-- verifySearchWithValidProduct -->
  <testcase classname="testCases.SearchTest" name="verifySearchWithInvalidProduct" time="0.0">
    <skipped/>
  </testcase> <!-- verifySearchWithInvalidProduct -->
  <testcase classname="testCases.SearchTest" name="verifySearchWithoutAnyProduct" time="0.0">
    <skipped/>
  </testcase> <!-- verifySearchWithoutAnyProduct -->
</testsuite> <!-- Test -->
