<!DOCTYPE html PUBLIC "-//W3C//DTD XHTML 1.1//EN" "https://www.w3.org/TR/xhtml11/DTD/xhtml11.dtd">
<html xmlns="https://www.w3.org/1999/xhtml">
<head>
<meta http-equiv="content-type" content="text/html; charset=UTF-8"/>
<title>TestNG Report</title>
<style type="text/css">table {margin-bottom:10px;border-collapse:collapse;empty-cells:show}th,td {border:1px solid #009;padding:.25em .5em}th {vertical-align:bottom}td {vertical-align:top}table a {font-weight:bold}.stripe td {background-color: #E6EBF9}.num {text-align:right}.passedodd td {background-color: #3F3}.passedeven td {background-color: #0A0}.skippedodd td {background-color: #DDD}.skippedeven td {background-color: #CCC}.failedodd td,.attn {background-color: #F33}.failedeven td,.stripe .attn {background-color: #D00}.stacktrace {white-space:pre;font-family:monospace}.totop {font-size:85%;text-align:center;border-bottom:2px solid #000}.invisible {display:none}</style>
</head>
<body>
<table>
<tr><th>Test</th><th># Passed</th><th># Skipped</th><th># Retried</th><th># Failed</th><th>Time (ms)</th><th>Included Groups</th><th>Excluded Groups</th></tr>
<tr><th colspan="8">Suite</th></tr>
<tr><td><a href="#t0">Test</a></td><td class="num">5</td><td class="num attn">6</td><td class="num">0</td><td class="num">0</td><td class="num">41,157</td><td></td><td></td></tr>
</table>
<table id='summary'><thead><tr><th>Class</th><th>Method</th><th>Start</th><th>Time (ms)</th></tr></thead><tbody><tr><th colspan="4">Suite</th></tr></tbody><tbody id="t0"><tr><th colspan="4">Test &#8212; failed (configuration methods)</th></tr><tr class="failedeven"><td rowspan="1">testCases.RegisterTest</td><td><a href="#m0">setup</a></td><td rowspan="1">1671593294886</td><td rowspan="1">3</td></tr><tr class="failedodd"><td rowspan="1">testCases.SearchTest</td><td><a href="#m1">startup</a></td><td rowspan="1">1671593336002</td><td rowspan="1">0</td></tr><tr><th colspan="4">Test &#8212; skipped (configuration methods)</th></tr><tr class="skippedeven"><td rowspan="5">testCases.RegisterTest</td><td><a href="#m2">setup</a></td><td rowspan="2">1671593294900</td><td rowspan="2">-1671593294900</td></tr><tr class="skippedeven"><td><a href="#m3">setup</a></td></tr><tr class="skippedeven"><td><a href="#m4">teardown</a></td><td rowspan="3">1671593294898</td><td rowspan="3">-1671593294898</td></tr><tr class="skippedeven"><td><a href="#m5">teardown</a></td></tr><tr class="skippedeven"><td><a href="#m6">teardown</a></td></tr><tr class="skippedodd"><td rowspan="5">testCases.SearchTest</td><td><a href="#m7">startup</a></td><td rowspan="2">1671593336014</td><td rowspan="2">-1671593336014</td></tr><tr class="skippedodd"><td><a href="#m8">startup</a></td></tr><tr class="skippedodd"><td><a href="#m9">tearDown</a></td><td rowspan="3">1671593336013</td><td rowspan="3">-1671593336013</td></tr><tr class="skippedodd"><td><a href="#m10">tearDown</a></td></tr><tr class="skippedodd"><td><a href="#m11">tearDown</a></td></tr><tr><th colspan="4">Test &#8212; skipped</th></tr><tr class="skippedeven"><td rowspan="3">testCases.RegisterTest</td><td><a href="#m12">registerationwithAllFields</a></td><td rowspan="1">1671593294901</td><td rowspan="1">0</td></tr><tr class="skippedeven"><td><a href="#m13">registerationwithAllMandatoryFields</a></td><td rowspan="1">1671593294896</td><td rowspan="1">0</td></tr><tr class="skippedeven"><td><a href="#m14">verifyRegistrationWithoutFillingAnyDetails</a></td><td rowspan="1">1671593294904</td><td rowspan="1">0</td></tr><tr class="skippedodd"><td rowspan="3">testCases.SearchTest</td><td><a href="#m15">verifySearchWithInvalidProduct</a></td><td rowspan="1">1671593336010</td><td rowspan="1">0</td></tr><tr class="skippedodd"><td><a href="#m16">verifySearchWithValidProduct</a></td><td rowspan="1">1671593336004</td><td rowspan="1">0</td></tr><tr class="skippedodd"><td><a href="#m17">verifySearchWithoutAnyProduct</a></td><td rowspan="1">1671593336016</td><td rowspan="1">0</td></tr><tr><th colspan="4">Test &#8212; passed</th></tr><tr class="passedeven"><td rowspan="5">testCases.LoginTest</td><td><a href="#m18">verifyLoginWithInValidCredentials</a></td><td rowspan="1">1671593313010</td><td rowspan="1">1023</td></tr><tr class="passedeven"><td><a href="#m19">verifyLoginWithInvalidEmailidValidPassword</a></td><td rowspan="1">1671593317895</td><td rowspan="1">1007</td></tr><tr class="passedeven"><td><a href="#m20">verifyLoginWithNoCredentials</a></td><td rowspan="1">1671593334761</td><td rowspan="1">1056</td></tr><tr class="passedeven"><td><a href="#m21">verifyLoginWithValidCredentials</a></td><td rowspan="1">1671593306917</td><td rowspan="1">1368</td></tr><tr class="passedeven"><td><a href="#m22">verifyLoginWithValidEmailidInValidPassword</a></td><td rowspan="1">1671593329886</td><td rowspan="1">1148</td></tr></tbody>
</table>
<h2>Test</h2><h3 id="m0">testCases.RegisterTest#setup</h3><table class="result"><tr><th>Exception</th></tr><tr><td><div class="stacktrace">java.lang.NullPointerException: Cannot invoke &quot;org.openqa.selenium.WebDriver.manage()&quot; because &quot;this.driver&quot; is null
	at com.qa.mytutorial.Base.TestBase.initializeBrowser(TestBase.java:44)
	at testCases.RegisterTest.setup(RegisterTest.java:25)
	at java.base/java.util.ArrayList.forEach(ArrayList.java:1511)
... Removed 31 stack frames</div></td></tr></table><p class="totop"><a href="#summary">back to summary</a></p>
<h3 id="m1">testCases.SearchTest#startup</h3><table class="result"><tr><th>Exception</th></tr><tr><td><div class="stacktrace">java.lang.NullPointerException: Cannot invoke &quot;org.openqa.selenium.WebDriver.manage()&quot; because &quot;this.driver&quot; is null
	at com.qa.mytutorial.Base.TestBase.initializeBrowser(TestBase.java:44)
	at testCases.SearchTest.startup(SearchTest.java:26)
	at java.base/java.util.ArrayList.forEach(ArrayList.java:1511)
... Removed 31 stack frames</div></td></tr></table><p class="totop"><a href="#summary">back to summary</a></p>
<h3 id="m2">testCases.RegisterTest#setup</h3><table class="result"><tr><th class="invisible"/></tr></table><p class="totop"><a href="#summary">back to summary</a></p>
<h3 id="m3">testCases.RegisterTest#setup</h3><table class="result"><tr><th class="invisible"/></tr></table><p class="totop"><a href="#summary">back to summary</a></p>
<h3 id="m4">testCases.RegisterTest#teardown</h3><table class="result"><tr><th class="invisible"/></tr></table><p class="totop"><a href="#summary">back to summary</a></p>
<h3 id="m5">testCases.RegisterTest#teardown</h3><table class="result"><tr><th class="invisible"/></tr></table><p class="totop"><a href="#summary">back to summary</a></p>
<h3 id="m6">testCases.RegisterTest#teardown</h3><table class="result"><tr><th class="invisible"/></tr></table><p class="totop"><a href="#summary">back to summary</a></p>
<h3 id="m7">testCases.SearchTest#startup</h3><table class="result"><tr><th class="invisible"/></tr></table><p class="totop"><a href="#summary">back to summary</a></p>
<h3 id="m8">testCases.SearchTest#startup</h3><table class="result"><tr><th class="invisible"/></tr></table><p class="totop"><a href="#summary">back to summary</a></p>
<h3 id="m9">testCases.SearchTest#tearDown</h3><table class="result"><tr><th class="invisible"/></tr></table><p class="totop"><a href="#summary">back to summary</a></p>
<h3 id="m10">testCases.SearchTest#tearDown</h3><table class="result"><tr><th class="invisible"/></tr></table><p class="totop"><a href="#summary">back to summary</a></p>
<h3 id="m11">testCases.SearchTest#tearDown</h3><table class="result"><tr><th class="invisible"/></tr></table><p class="totop"><a href="#summary">back to summary</a></p>
<h3 id="m12">testCases.RegisterTest#registerationwithAllFields</h3><table class="result"><tr><th>Exception</th></tr><tr><td><div class="stacktrace">java.lang.NullPointerException: Cannot invoke &quot;org.openqa.selenium.WebDriver.manage()&quot; because &quot;this.driver&quot; is null
	at com.qa.mytutorial.Base.TestBase.initializeBrowser(TestBase.java:44)
	at testCases.RegisterTest.setup(RegisterTest.java:25)
	at java.base/java.util.ArrayList.forEach(ArrayList.java:1511)
... Removed 31 stack frames</div></td></tr></table><p class="totop"><a href="#summary">back to summary</a></p>
<h3 id="m13">testCases.RegisterTest#registerationwithAllMandatoryFields</h3><table class="result"><tr><th>Exception</th></tr><tr><td><div class="stacktrace">java.lang.NullPointerException: Cannot invoke &quot;org.openqa.selenium.WebDriver.manage()&quot; because &quot;this.driver&quot; is null
	at com.qa.mytutorial.Base.TestBase.initializeBrowser(TestBase.java:44)
	at testCases.RegisterTest.setup(RegisterTest.java:25)
	at java.base/java.util.ArrayList.forEach(ArrayList.java:1511)
... Removed 31 stack frames</div></td></tr></table><p class="totop"><a href="#summary">back to summary</a></p>
<h3 id="m14">testCases.RegisterTest#verifyRegistrationWithoutFillingAnyDetails</h3><table class="result"><tr><th>Exception</th></tr><tr><td><div class="stacktrace">java.lang.NullPointerException: Cannot invoke &quot;org.openqa.selenium.WebDriver.manage()&quot; because &quot;this.driver&quot; is null
	at com.qa.mytutorial.Base.TestBase.initializeBrowser(TestBase.java:44)
	at testCases.RegisterTest.setup(RegisterTest.java:25)
	at java.base/java.util.ArrayList.forEach(ArrayList.java:1511)
... Removed 31 stack frames</div></td></tr></table><p class="totop"><a href="#summary">back to summary</a></p>
<h3 id="m15">testCases.SearchTest#verifySearchWithInvalidProduct</h3><table class="result"><tr><th>Exception</th></tr><tr><td><div class="stacktrace">java.lang.NullPointerException: Cannot invoke &quot;org.openqa.selenium.WebDriver.manage()&quot; because &quot;this.driver&quot; is null
	at com.qa.mytutorial.Base.TestBase.initializeBrowser(TestBase.java:44)
	at testCases.SearchTest.startup(SearchTest.java:26)
	at java.base/java.util.ArrayList.forEach(ArrayList.java:1511)
... Removed 31 stack frames</div></td></tr></table><p class="totop"><a href="#summary">back to summary</a></p>
<h3 id="m16">testCases.SearchTest#verifySearchWithValidProduct</h3><table class="result"><tr><th>Exception</th></tr><tr><td><div class="stacktrace">java.lang.NullPointerException: Cannot invoke &quot;org.openqa.selenium.WebDriver.manage()&quot; because &quot;this.driver&quot; is null
	at com.qa.mytutorial.Base.TestBase.initializeBrowser(TestBase.java:44)
	at testCases.SearchTest.startup(SearchTest.java:26)
	at java.base/java.util.ArrayList.forEach(ArrayList.java:1511)
... Removed 31 stack frames</div></td></tr></table><p class="totop"><a href="#summary">back to summary</a></p>
<h3 id="m17">testCases.SearchTest#verifySearchWithoutAnyProduct</h3><table class="result"><tr><th>Exception</th></tr><tr><td><div class="stacktrace">java.lang.NullPointerException: Cannot invoke &quot;org.openqa.selenium.WebDriver.manage()&quot; because &quot;this.driver&quot; is null
	at com.qa.mytutorial.Base.TestBase.initializeBrowser(TestBase.java:44)
	at testCases.SearchTest.startup(SearchTest.java:26)
	at java.base/java.util.ArrayList.forEach(ArrayList.java:1511)
... Removed 31 stack frames</div></td></tr></table><p class="totop"><a href="#summary">back to summary</a></p>
<h3 id="m18">testCases.LoginTest#verifyLoginWithInValidCredentials</h3><table class="result"><tr><th class="invisible"/></tr></table><p class="totop"><a href="#summary">back to summary</a></p>
<h3 id="m19">testCases.LoginTest#verifyLoginWithInvalidEmailidValidPassword</h3><table class="result"><tr><th class="invisible"/></tr></table><p class="totop"><a href="#summary">back to summary</a></p>
<h3 id="m20">testCases.LoginTest#verifyLoginWithNoCredentials</h3><table class="result"><tr><th class="invisible"/></tr></table><p class="totop"><a href="#summary">back to summary</a></p>
<h3 id="m21">testCases.LoginTest#verifyLoginWithValidCredentials</h3><table class="result"><tr><th class="invisible"/></tr></table><p class="totop"><a href="#summary">back to summary</a></p>
<h3 id="m22">testCases.LoginTest#verifyLoginWithValidEmailidInValidPassword</h3><table class="result"><tr><th class="invisible"/></tr></table><p class="totop"><a href="#summary">back to summary</a></p>
</body>
</html>
